0 silly argv {
0 silly argv   _: [ 'version' ],
0 silly argv   lernaVersion: '7.1.4',
0 silly argv   '$0': '..\\..\\..\\AppData\\Local\\pnpm\\global\\5\\node_modules\\lerna\\dist\\cli.js',
0 silly argv   bump: 'prepatch'
0 silly argv }
1 notice cli v7.1.4
2 verbose packageConfigs Resolving packages based on package.json "workspaces" configuration.
3 verbose rootPath C:\Users\ununi\source\github\BlockNote
4 info current version 0.9.0
5 silly isAnythingCommitted
6 verbose isAnythingCommitted 1
7 silly getCurrentBranch
8 verbose currentBranch mine
9 silly remoteBranchExists
10 silly isBehindUpstream
11 error Error: Command failed with exit code 1: git remote update
11 error fatal: unable to access 'https://github.com/ununian/BlockNote.git/': OpenSSL SSL_read: Connection was reset, errno 10054
11 error     at makeError (C:\Users\ununi\AppData\Local\pnpm\global\5\.pnpm\execa@5.0.0\node_modules\execa\lib\error.js:59:11)
11 error     at module.exports.sync (C:\Users\ununi\AppData\Local\pnpm\global\5\.pnpm\execa@5.0.0\node_modules\execa\index.js:186:17)
11 error     at Object.execSync (C:\Users\ununi\AppData\Local\pnpm\global\5\.pnpm\@lerna+child-process@7.1.4\node_modules\@lerna\child-process\index.js:39:16)
11 error     at updateRemote (C:\Users\ununi\AppData\Local\pnpm\global\5\.pnpm\lerna@7.1.4\node_modules\lerna\dist\index.js:7613:18)
11 error     at isBehindUpstream (C:\Users\ununi\AppData\Local\pnpm\global\5\.pnpm\lerna@7.1.4\node_modules\lerna\dist\index.js:7603:3)
11 error     at VersionCommand.initialize (C:\Users\ununi\AppData\Local\pnpm\global\5\.pnpm\lerna@7.1.4\node_modules\lerna\dist\index.js:7913:57)
